make all --print-data-base --no-builtin-variables --no-builtin-rules --question
# GNU Make 3.81
# Copyright (C) 2006  Free Software Foundation, Inc.
# This is free software; see the source for copying conditions.
# There is NO warranty; not even for MERCHANTABILITY or FITNESS FOR A
# PARTICULAR PURPOSE.

# This program built for i386-apple-darwin11.3.0
 

# Make data base, printed on Thu Jun  2 07:28:53 2022

# Variables

# automatic
<D = $(patsubst %/,%,$(dir $<))
# automatic
?F = $(notdir $?)
# makefile (from `Makefile', line 4)
OBJ = $(addprefix obj/, ${SRC:.c=.o})
# makefile (from `Makefile', line 1)
SRC = getnext_line/get_next_line_utils.c getnext_line/get_next_line.c draw.c	exit_game.c	gameplay.c	init.c	map_validate.c player_update.c	read_map.c	so_long.c move.c 
# environment
VSCODE_LOG_NATIVE = false
# makefile (from `Makefile', line 18)
LIBRARY = libft/libft.a
# automatic
?D = $(patsubst %/,%,$(dir $?))
# automatic
@D = $(patsubst %/,%,$(dir $@))
# automatic
@F = $(notdir $@)
# makefile
CURDIR := /Users/faljaoui/Desktop/so_long
# makefile
SHELL = /bin/sh
# makefile (from `Makefile', line 12)
RM = rm -f
# environment
VSCODE_NLS_CONFIG = {"locale":"en-us","availableLanguages":{},"_languagePackSupport":true}
# environment
_ = /usr/bin/make
# makefile (from `Makefile', line 10)
CFLAGS = -Wall -Werror -Wextra -g
# makefile (from `Makefile', line 1)
MAKEFILE_LIST :=  Makefile
# environment
LESS_TERMCAP_se = [0m
# environment
VSCODE_VERBOSE_LOGGING = true
# environment
VSCODE_IPC_HOOK_EXTHOST = /var/folders/zz/zyxvpxvq6csfxvn_n000ccjw00334g/T/vscode-ipc-30d9e0de-3637-4bbe-a94f-a06585eae1dc.sock
# environment
VSCODE_CWD = /
# environment
Apple_PubSub_Socket_Render = /private/tmp/com.apple.launchd.AMDWiAQmF9/Render
# environment
LESS_TERMCAP_me = [0m
# environment
LESS_TERMCAP_mb = [1;32m
# environment
LSCOLORS = Gxfxcxdxbxegedabagacad
# environment
VSCODE_LOG_STACK = false
# environment
ELECTRON_RUN_AS_NODE = 1
# default
.FEATURES := target-specific order-only second-expansion else-if archives jobserver check-symlink
# makefile (from `Makefile', line 20)
MINILIBX = -L  /usr/local/lib/ -lmlx -framework OpenGL -framework AppKit
# environment
SSH_AUTH_SOCK = /private/tmp/com.apple.launchd.DkoprD0VE6/Listeners
# automatic
%F = $(notdir $%)
# environment
VSCODE_PIPE_LOGGING = true
# environment
PWD = /Users/faljaoui/Desktop/so_long
# environment
ORIGINAL_XDG_CURRENT_DESKTOP = undefined
# environment
LESS_TERMCAP_ue = [0m
# environment
VSCODE_AMD_ENTRYPOINT = vs/workbench/api/node/extensionHostProcess
# environment
HOME = /Users/faljaoui
# default
MAKEFILEPATH = $(shell /usr/bin/xcode-select -print-path 2>/dev/null || echo /Developer)/Makefiles
# environment
VSCODE_CODE_CACHE_PATH = /Users/faljaoui/Library/Application Support/Code/CachedData/57fd6d0195bb9b9d1b49f6da5db789060795de47
# environment
LOGNAME = faljaoui
# environment
APPLICATION_INSIGHTS_NO_DIAGNOSTIC_CHANNEL = true
# environment
ZSH = /Users/faljaoui/.oh-my-zsh
# environment
VSCODE_HANDLES_UNCAUGHT_ERRORS = true
# automatic
^D = $(patsubst %/,%,$(dir $^))
# environment
LESS_TERMCAP_md = [1;32m
# environment
XPC_FLAGS = 0x0
# default
MAKE = $(MAKE_COMMAND)
# default
MAKECMDGOALS := all
# environment
PATH = /Users/faljaoui/goinfre/.brew/bin:/usr/local/bin:/usr/bin:/bin:/usr/sbin:/sbin:/usr/local/munki
# environment
SHLVL = 1
# environment
LESS_TERMCAP_so = [01;33m
# makefile (from `Makefile', line 8)
CC = cc
# default
MAKE_VERSION := 3.81
# environment
USER = faljaoui
# makefile
.DEFAULT_GOAL := all
# makefile (from `Makefile', line 16)
NAME = solong
# environment
LESS = -R
# automatic
%D = $(patsubst %/,%,$(dir $%))
# default
MAKE_COMMAND := /Library/Developer/CommandLineTools/usr/bin/make
# default
.VARIABLES := 
# environment
TMPDIR = /var/folders/zz/zyxvpxvq6csfxvn_n000ccjw00334g/T/
# automatic
*F = $(notdir $*)
# environment
VSCODE_IPC_HOOK = /Users/faljaoui/Library/Application Support/Code/1.67.0-main.sock
# makefile
MAKEFLAGS = Rrqp
# environment
MFLAGS = -Rrqp
# automatic
*D = $(patsubst %/,%,$(dir $*))
# environment
XPC_SERVICE_NAME = com.microsoft.VSCode.1288
# environment
LESS_TERMCAP_us = [1;4;31m
# automatic
+D = $(patsubst %/,%,$(dir $+))
# automatic
+F = $(notdir $+)
# environment
__CF_USER_TEXT_ENCODING = 0x18C8F:0x0:0x0
# default
MAKEFILES := 
# environment
HOMEBREW_NO_AUTO_UPDATE = 1
# automatic
<F = $(notdir $<)
# environment
PAGER = less
# environment
LC_ALL = C
# makefile (from `Makefile', line 14)
LIBS = so_long.h
# automatic
^F = $(notdir $^)
# default
SUFFIXES := 
# default
.INCLUDE_DIRS = /usr/local/include
# environment
MAKELEVEL := 0
# environment
LANG = C
# environment
VSCODE_PID = 39341
# variable set hash-table stats:
# Load=82/1024=8%, Rehash=0, Collisions=5/116=4%

# Pattern-specific Variable Values

# No pattern-specific variable values.

# Directories

# . (device 16777227, inode 3071185): 54 files, no impossibilities.
# getnext_line (device 16777227, inode 3428139): 5 files, no impossibilities so far.

# 59 files, no impossibilities in 2 directories.

# Implicit Rules

obj/%.o: %.c
#  commands to execute (from `Makefile', line 32):
	@ mkdir -p obj/getnext_line 
	$(CC)  -c $< -o $@
	

# 1 implicit rules, 0 (0.0%) terminal.

# Files

obj/draw.o: draw.c
#  Implicit rule search has been done.
#  Implicit/static pattern stem: `draw'
#  Last modified 2022-06-02 07:27:56
#  File has been updated.
#  Successfully updated.
# variable set hash-table stats:
# Load=0/32=0%, Rehash=0, Collisions=0/0=0%
#  commands to execute (from `Makefile', line 32):
	@ mkdir -p obj/getnext_line 
	$(CC)  -c $< -o $@
	

# Not a target:
read_map.c:
#  Implicit rule search has been done.
#  Last modified 2022-06-01 10:03:31
#  File has been updated.
#  Successfully updated.
# variable set hash-table stats:
# Load=0/32=0%, Rehash=0, Collisions=0/0=0%

# Not a target:
move.c:
#  Implicit rule search has been done.
#  Last modified 2022-06-01 10:09:16
#  File has been updated.
#  Successfully updated.
# variable set hash-table stats:
# Load=0/32=0%, Rehash=0, Collisions=0/0=0%

# Not a target:
init.c:
#  Implicit rule search has been done.
#  Last modified 2022-06-02 05:09:38
#  File has been updated.
#  Successfully updated.
# variable set hash-table stats:
# Load=0/32=0%, Rehash=0, Collisions=0/0=0%

all: solong
#  Command-line target.
#  Implicit rule search has been done.
#  File does not exist.
#  File has been updated.
#  Successfully updated.
# variable set hash-table stats:
# Load=0/32=0%, Rehash=0, Collisions=0/0=0%

obj/move.o: move.c
#  Implicit rule search has been done.
#  Implicit/static pattern stem: `move'
#  Last modified 2022-06-02 07:27:56
#  File has been updated.
#  Successfully updated.
# variable set hash-table stats:
# Load=0/32=0%, Rehash=0, Collisions=0/0=0%
#  commands to execute (from `Makefile', line 32):
	@ mkdir -p obj/getnext_line 
	$(CC)  -c $< -o $@
	

# Not a target:
draw.c:
#  Implicit rule search has been done.
#  Last modified 2022-06-02 07:25:18
#  File has been updated.
#  Successfully updated.
# variable set hash-table stats:
# Load=0/32=0%, Rehash=0, Collisions=0/0=0%

# Not a target:
so_long.c:
#  Implicit rule search has been done.
#  Last modified 2022-06-02 06:20:22
#  File has been updated.
#  Successfully updated.
# variable set hash-table stats:
# Load=0/32=0%, Rehash=0, Collisions=0/0=0%

# Not a target:
.SUFFIXES:
#  Implicit rule search has not been done.
#  Modification time never checked.
#  File has not been updated.

# Not a target:
Makefile:
#  Implicit rule search has been done.
#  Last modified 2022-06-02 03:46:32
#  File has been updated.
#  Successfully updated.
# variable set hash-table stats:
# Load=0/32=0%, Rehash=0, Collisions=0/0=0%

obj/read_map.o: read_map.c
#  Implicit rule search has been done.
#  Implicit/static pattern stem: `read_map'
#  Last modified 2022-06-02 07:27:56
#  File has been updated.
#  Successfully updated.
# variable set hash-table stats:
# Load=0/32=0%, Rehash=0, Collisions=0/0=0%
#  commands to execute (from `Makefile', line 32):
 
	@ mkdir -p obj/getnext_line 
	$(CC)  -c $< -o $@
	

# Not a target:
so_long.h:
#  Implicit rule search has been done.
#  Last modified 2022-06-02 06:58:15
#  File has been updated.
#  Successfully updated.
# variable set hash-table stats:
# Load=0/32=0%, Rehash=0, Collisions=0/0=0%

obj/exit_game.o: exit_game.c
#  Implicit rule search has been done.
#  Implicit/static pattern stem: `exit_game'
#  Last modified 2022-06-02 07:27:56
#  File has been updated.
#  Successfully updated.
# variable set hash-table stats:
# Load=0/32=0%, Rehash=0, Collisions=0/0=0%
#  commands to execute (from `Makefile', line 32):
	@ mkdir -p obj/getnext_line 
	$(CC)  -c $< -o $@
	

libft/libft.a:
#  Implicit rule search has not been done.
#  Last modified 2022-06-02 07:27:58
#  File has been updated.
#  Successfully updated.
#  commands to execute (from `Makefile', line 30):
	make -C libft
	

fclean:
#  Implicit rule search has not been done.
#  Modification time never checked.
#  File has not been updated.
#  commands to execute (from `Makefile', line 37):
	make fclean -C libft
	$(RM) $(OBJ) $(NAME)
	

# Not a target:
player_update.c:
#  Implicit rule search has been done.
#  Last modified 2022-06-02 07:27:54
#  File has been updated.
#  Successfully updated.
# variable set hash-table stats:
# Load=0/32=0%, Rehash=0, Collisions=0/0=0%

obj/getnext_line/get_next_line_utils.o: getnext_line/get_next_line_utils.c
#  Implicit rule search has been done.
#  Implicit/static pattern stem: `getnext_line/get_next_line_utils'
#  Last modified 2022-06-02 07:27:56
#  File has been updated.
#  Successfully updated.
# variable set hash-table stats:
# Load=0/32=0%, Rehash=0, Collisions=0/0=0%
#  commands to execute (from `Makefile', line 32):
	@ mkdir -p obj/getnext_line 
	$(CC)  -c $< -o $@
	

# Not a target:
getnext_line/get_next_line_utils.c:
#  Implicit rule search has been done.
#  Last modified 2022-05-31 06:17:14
#  File has been updated.
#  Successfully updated.
# variable set hash-table stats:
# Load=0/32=0%, Rehash=0, Collisions=0/0=0%

# Not a target:
.DEFAULT:
#  Implicit rule search has not been done.
#  Modification time never checked.
#  File has not been updated.

obj/player_update.o: player_update.c
#  Implicit rule search has been done.
#  Implicit/static pattern stem: `player_update'
#  Last modified 2022-06-02 07:27:56
#  File has been updated.
#  Successfully updated.
# variable set hash-table stats:
# Load=0/32=0%, Rehash=0, Collisions=0/0=0%
#  commands to execute (from `Makefile', line 32):
	@ mkdir -p obj/getnext_line 
	$(CC)  -c $< -o $@
	

obj/so_long.o: so_long.c
#  Implicit rule search has been done.
#  Implicit/static pattern stem: `so_long'
#  Last modified 2022-06-02 07:27:56
#  File has been updated.
#  Successfully updated.
# variable set hash-table stats:
# Load=0/32=0%, Rehash=0, Collisions=0/0=0%
#  commands to execute (from `Makefile', line 32):
	@ mkdir -p obj/getnext_line 
	$(CC)  -c $< -o $@
	

re: fclean obj/getnext_line/get_next_line_utils.o obj/getnext_line/get_next_line.o obj/draw.o obj/exit_game.o obj/gameplay.o obj/init.o obj/map_validate.o obj/player_update.o obj/read_map.o obj/so_long.o obj/move.o solong
#  Implicit rule search has not been done.
#  Modification time never checked.
#  File has not been updated.

obj/init.o: init.c
#  Implicit rule search has been done.
#  Implicit/static pattern stem: `init'
#  Last modified 2022-06-02 07:27:56
#  File has been updated.
#  Successfully updated.
# variable set hash-table stats:
# Load=0/32=0%, Rehash=0, Collisions=0/0=0%
#  commands to execute (from `Makefile', line 32):
	@ mkdir -p obj/getnext_line 
	$(CC)  -c $< -o $@
	

# Not a target:
exit_game.c:
#  Implicit rule search has been done.
#  Last modified 2022-06-02 07:20:44
#  File has been updated.
#  Successfully updated.
# variable set hash-table stats:
# Load=0/32=0%, Rehash=0, Collisions=0/0=0%

obj/gameplay.o: gameplay.c
#  Implicit rule search has been done.
#  Implicit/static pattern stem: `gameplay'
#  Last modified 2022-06-02 07:27:56
#  File has been updated.
#  Successfully updated.
# variable set hash-table stats:
# Load=0/32=0%, Rehash=0, Collisions=0/0=0%
#  commands to execute (from `Makefile', line 32):
	@ mkdir -p obj/getnext_line 
	$(CC)  -c $< -o $@
	

solong: libft/libft.a obj/getnext_line/get_next_line_utils.o obj/getnext_line/get_next_line.o obj/draw.o obj/exit_game.o obj/gameplay.o obj/init.o obj/map_validate.o obj/player_update.o obj/read_map.o obj/so_long.o obj/move.o so_long.h
#  Implicit rule search has not been done.
#  Last modified 2022-06-02 07:27:58
#  File has been updated.
#  Successfully updated.
# variable set hash-table stats:
# Load=0/32=0%, Rehash=0, Collisions=0/0=0%
#  commands to execute (from `Makefile', line 26):
	$(CC) $(CFLAGS) $(LIBRARY) $(OBJ) -g ${MINILIBX}  -o $(NAME)
	

# Not a target:
gameplay.c:
#  Implicit rule search has been done.
#  Last modified 2022-06-02 07:17:58
#  File has been updated.
#  Successfully updated.
# variable set hash-table stats:
# Load=0/32=0%, Rehash=0, Collisions=0/0=0%

obj/getnext_line/get_next_line.o: getnext_line/get_next_line.c
#  Implicit rule search has been done.
#  Implicit/static pattern stem: `getnext_line/get_next_line'
#  Last modified 2022-06-02 07:27:56
#  File has been updated.
#  Successfully updated.
# variable set hash-table stats:
# Load=0/32=0%, Rehash=0, Collisions=0/0=0%
#  commands to execute (from `Makefile', line 32):
	@ mkdir -p obj/getnext_line 
	$(CC)  -c $< -o $@
	

# Not a target:
map_validate.c:
#  Implicit rule search has been done.
#  Last modified 2022-06-01 09:56:46
#  File has been updated.
#  Successfully updated.
# variable set hash-table stats:
# Load=0/32=0%, Rehash=0, Collisions=0/0=0%

# Not a target:
getnext_line/get_next_line.c:
#  Implicit rule search has been done.
#  Last modified 2022-05-31 06:17:10
#  File has been updated.
#  Successfully updated.
# variable set hash-table stats:
# Load=0/32=0%, Rehash=0, Collisions=0/0=0%

obj/map_validate.o: map_validate.c
#  Implicit rule search has been done.
#  Implicit/static pattern stem: `map_validate'
#  Last modified 2022-06-02 07:27:56
#  File has been updated.
#  Successfully updated.
# variable set hash-table stats:
# Load=0/32=0%, Rehash=0, Collisions=0/0=0%
#  commands to execute (from `Makefile', line 32):
	@ mkdir -p obj/getnext_line 
	$(CC)  -c $< -o $@
	

# files hash-table stats:
# Load=31/1024=3%, Rehash=0, Collisions=0/104=0%
# VPATH Search Paths

# No `vpath' search paths.

# No general (`VPATH' variable) search path.

# # of strings in strcache: 1
# # of strcache buffers: 1
# strcache size: total = 4096 / max = 4096 / min = 4096 / avg = 4096
# strcache free: total = 4087 / max = 4087 / min = 4087 / avg = 4087

# Finished Make data base on Thu Jun  2 07:28:53 2022

 
